Jul-15 09:05:56.197 [main] DEBUG nextflow.cli.Launcher - $> nextflow run ipd-ref-generator.nf
Jul-15 09:05:56.272 [main] INFO  nextflow.cli.CmdRun - N E X T F L O W  ~  version 22.04.0
Jul-15 09:05:56.297 [main] DEBUG nextflow.config.ConfigBuilder - Found config local: /Users/nicholasminor/Documents/dholk_experiments/27482/nextflow.config
Jul-15 09:05:56.297 [main] DEBUG nextflow.config.ConfigBuilder - Parsing config file: /Users/nicholasminor/Documents/dholk_experiments/27482/nextflow.config
Jul-15 09:05:56.322 [main] DEBUG nextflow.config.ConfigBuilder - Applying config profile: `standard`
Jul-15 09:05:56.960 [main] INFO  nextflow.cli.CmdRun - Launching `ipd-ref-generator.nf` [disturbed_nightingale] DSL2 - revision: fd1da297ad
Jul-15 09:05:56.975 [main] DEBUG nextflow.plugin.PluginsFacade - Setting up plugin manager > mode=prod; plugins-dir=/Users/nicholasminor/.nextflow/plugins; core-plugins: nf-amazon@1.7.1,nf-azure@0.13.1,nf-console@1.0.3,nf-ga4gh@1.0.3,nf-google@1.1.4,nf-sqldb@0.4.0,nf-tower@1.4.0
Jul-15 09:05:56.977 [main] DEBUG nextflow.plugin.PluginsFacade - Plugins default=[]
Jul-15 09:05:56.988 [main] INFO  org.pf4j.DefaultPluginStatusProvider - Enabled plugins: []
Jul-15 09:05:56.989 [main] INFO  org.pf4j.DefaultPluginStatusProvider - Disabled plugins: []
Jul-15 09:05:56.993 [main] INFO  org.pf4j.DefaultPluginManager - PF4J version 3.4.1 in 'deployment' mode
Jul-15 09:05:57.003 [main] INFO  org.pf4j.AbstractPluginManager - No plugins
Jul-15 09:05:57.057 [main] DEBUG nextflow.Session - Session uuid: 657ba9b2-4dd5-4e2c-a18a-1a38fb5b201e
Jul-15 09:05:57.057 [main] DEBUG nextflow.Session - Run name: disturbed_nightingale
Jul-15 09:05:57.058 [main] DEBUG nextflow.Session - Executor pool size: 8
Jul-15 09:05:57.092 [main] DEBUG nextflow.cli.CmdRun - 
  Version: 22.04.0 build 5697
  Created: 23-04-2022 18:00 UTC (13:00 CDT)
  System: Mac OS X 12.3.1
  Runtime: Groovy 3.0.10 on OpenJDK 64-Bit Server VM 11.0.13+7-b1751.21
  Encoding: UTF-8 (UTF-8)
  Process: 65232@PATH-DESK-1734.local [128.104.12.196]
  CPUs: 8 - Mem: 64 GB (23.6 GB) - Swap: 3 GB (953.5 MB)
Jul-15 09:05:57.105 [main] DEBUG nextflow.Session - Work-dir: /Users/nicholasminor/Documents/dholk_experiments/27482/work [Mac OS X]
Jul-15 09:05:57.120 [main] DEBUG nextflow.executor.ExecutorFactory - Extension executors providers=[]
Jul-15 09:05:57.131 [main] DEBUG nextflow.Session - Observer factory: DefaultObserverFactory
Jul-15 09:05:57.174 [main] DEBUG nextflow.cache.CacheFactory - Using Nextflow cache factory: nextflow.cache.DefaultCacheFactory
Jul-15 09:05:57.186 [main] DEBUG nextflow.util.CustomThreadPool - Creating default thread pool > poolSize: 9; maxThreads: 1000
Jul-15 09:05:57.261 [main] DEBUG nextflow.Session - Session start invoked
Jul-15 09:05:57.265 [main] DEBUG nextflow.trace.TraceFileObserver - Flow starting -- trace file: /Users/nicholasminor/Documents/dholk_experiments/27482/results/trace.txt
Jul-15 09:05:57.848 [main] DEBUG nextflow.script.ScriptRunner - > Launching execution
Jul-15 09:05:57.969 [main] DEBUG nextflow.executor.ExecutorFactory - << taskConfig executor: null
Jul-15 09:05:57.969 [main] DEBUG nextflow.executor.ExecutorFactory - >> processorType: 'local'
Jul-15 09:05:57.974 [main] DEBUG nextflow.executor.Executor - [warm up] executor > local
Jul-15 09:05:57.979 [main] DEBUG n.processor.LocalPollingMonitor - Creating local task monitor for executor 'local' > cpus=8; memory=64 GB; capacity=8; pollInterval=100ms; dumpInterval=5m
Jul-15 09:05:58.161 [main] DEBUG nextflow.executor.ExecutorFactory - << taskConfig executor: null
Jul-15 09:05:58.161 [main] DEBUG nextflow.executor.ExecutorFactory - >> processorType: 'local'
Jul-15 09:05:58.174 [main] DEBUG nextflow.executor.ExecutorFactory - << taskConfig executor: null
Jul-15 09:05:58.174 [main] DEBUG nextflow.executor.ExecutorFactory - >> processorType: 'local'
Jul-15 09:05:58.180 [main] DEBUG nextflow.executor.ExecutorFactory - << taskConfig executor: null
Jul-15 09:05:58.181 [main] DEBUG nextflow.executor.ExecutorFactory - >> processorType: 'local'
Jul-15 09:05:58.185 [main] DEBUG nextflow.Session - Workflow process names [dsl2]: IWES_TRIMMING, CLEAN_IPD, MISEQ_TRIMMING, PULL_IPD
Jul-15 09:05:58.186 [main] DEBUG nextflow.Session - Ignite dataflow network (4)
Jul-15 09:05:58.187 [main] DEBUG nextflow.processor.TaskProcessor - Starting process > PULL_IPD
Jul-15 09:05:58.188 [main] DEBUG nextflow.processor.TaskProcessor - Starting process > CLEAN_IPD
Jul-15 09:05:58.188 [main] DEBUG nextflow.processor.TaskProcessor - Starting process > IWES_TRIMMING
Jul-15 09:05:58.189 [main] DEBUG nextflow.processor.TaskProcessor - Starting process > MISEQ_TRIMMING
Jul-15 09:05:58.190 [main] DEBUG nextflow.script.ScriptRunner - > Await termination 
Jul-15 09:05:58.191 [main] DEBUG nextflow.Session - Session await
Jul-15 09:05:58.369 [Task submitter] DEBUG nextflow.executor.LocalTaskHandler - Launch cmd line: /bin/bash -ue .command.run
Jul-15 09:05:58.375 [Task submitter] INFO  nextflow.Session - [c5/1cfeee] Submitted process > PULL_IPD
